points (-2,-1) (2,2) (4,0) (4,2) (8,6) distance: 18.75 shortcut: 12.21
points (-2.09,-0.92) (3.24,0.78) (2.89,2.44) (4.67,1.34) (8.11,5.99) distance: 16.67 shortcut: 12.32
points (-2.76,-1.21) (2.31,2.67) (4.02,0.92) (4.45,2.11) (8.56,6.78) distance: 19.13 shortcut: 13.86
points (-2.57,-0.67) (3.45,0.33) (2.78,2.89) (4.89,1.76) (7.45,6.11) distance: 18.19 shortcut: 12.10
points (-2.11,-1.45) (2.34,2.11) (3.67,0.99) (4.23,1.22) (8.22,5.67) distance: 16.10 shortcut: 12.55
points (3.11,0.67) (-2.89,-1.34) (2.67,2.78) (4.56,2.67) (7.99,6.45) distance: 19.55 shortcut: 13.38
points (-1.23,-2.67) (1.22,3.45) (3.67,0.56) (4.78,1.99) (7.34,6.78) distance: 18.49 shortcut: 12.76
points (-1.99,-1.11) (1.11,3.67) (3.56,1.45) (4.23,2.78) (7.67,6.22) distance: 17.88 shortcut: 12.13
points (-1.67,-2.45) (1.45,3.11) (3.45,0.89) (4.11,1.67) (7.99,6.56) distance: 17.55 shortcut: 13.21
points (-1.45,-1.89) (3.89,1.11) (1.34,3.89) (4.56,2.34) (7.45,6.67) distance: 17.81 shortcut: 12.35
points (-2.34,-1.56) (1.67,3.34) (3.89,0.45) (4.11,2.67) (8.34,6.11) distance: 20.81 shortcut: 13.15
points (-2.67,-1.11) (3.67,0.56) (1.99,3.67) (4.45,1.99) (8.11,6.45) distance: 19.65 shortcut: 13.17
points (-2.11,-1.99) (3.11,0.45) (1.45,3.56) (4.34,2.45) (7.67,6.34) distance: 20.52 shortcut: 12.85
points (-1.78,-2.34) (3.89,0.67) (1.34,3.78) (4.67,2.22) (8.22,6.78) distance: 19.34 shortcut: 13.53
points (-1.56,-1.45) (1.78,3.45) (4.11,0.67) (3.45,2.34) (8.56,6.99) distance: 19.35 shortcut: 13.18
points (-2.45,-2.11) (3.78,0.89) (1.56,3.89) (4.22,1.67) (7.99,6.22) distance: 19.13 shortcut: 13.36
points (-2.78,-1.34) (3.45,0.78) (1.67,3.45) (4.11,2.45) (7.45,6.34) distance: 19.33 shortcut: 12.79
points (-2.11,-1.67) (1.45,3.56) (3.89,2.22) (4.45,1.45) (8.34,6.67) distance: 18.56 shortcut: 13.37
points (-1.99,-2.22) (3.56,0.78) (1.11,3.67) (4.22,1.45) (7.67,6.11) distance: 18.07 shortcut: 12.76
points (-1.34,-2.78) (1.22,3.22) (3.45,1.67) (4.45,0.67) (8.11,6.45) distance: 19.68 shortcut: 13.21
points (-1.45,-1.99) (1.67,3.67) (4.11,0.89) (3.78,2.34) (7.99,6.78) distance: 19.02 shortcut: 12.89
points (-2.22,-1.45) (3.67,0.67) (1.99,3.45) (4.11,1.99) (7.45,6.67) distance: 18.18 shortcut: 12.63
points (-2.34,-2.22) (3.45,0.78) (1.78,3.78) (4.45,1.22) (8.22,6.22) distance: 19.02 shortcut: 13.52
points (-2.45,-1.67) (3.11,0.45) (1.45,3.56) (4.23,2.45) (8.34,6.67) distance: 21.23 shortcut: 13.64
points (-1.67,-1.99) (1.56,3.45) (3.67,1.45) (4.56,2.34) (7.67,6.78) distance: 17.77 shortcut: 12.81
points (-1.45,-2.45) (3.45,0.89) (1.99,3.11) (4.11,1.67) (7.99,6.56) distance: 16.44 shortcut: 13.05
points (-2.34,-2.11) (1.67,3.34) (3.89,0.45) (4.11,2.67) (8.34,6.11) distance: 21.13 shortcut: 13.48
points (-2.67,-1.11) (3.67,0.56) (1.99,3.67) (4.45,1.99) (8.11,6.45) distance: 19.65 shortcut: 13.17
