str : jose julia maria int : -1 4 8 float : 3.15 12.7 p : (-0.5,-0.5) (-1,-1) 
str : carlos jose int : -1 4 8 float : 3.15 12.7 74.5 p : (-0.5,-0.5) (8,2) 
str : ana pedro sofia int : -3 5 7 float : 2.7 15.2 p : (2.5,-3.7) (-2.1,-4.6) 
str : lara miguel int : -2 6 9 float : 1.8 11.5 55.2 p : (-1.9,0.9) (3.8,1.4) 
str : ana isabella lucas int : -4 2 6 float : 4.3 14.9 p : (-0.3,-2.8) (-2.7,2.1) 
str : enzo sophia int : -5 3 8 float : 5.6 13.4 41.9 p : (-3.6,-0.9) (0.6,4.2) 
str : carolina gabriel larissa int : -3 2 7 float : 2.9 16.8 p : (2.2,-1.3) (-3.1,-2.2) 
str : luiza matheus int : -2 5 5 float : 4.8 10.9 61.8 p : (1.9,0.8) (-1.7,-2.7) 
str : ana pedro sofia int : -3 5 7 float : 2.7 15.2 p : (2.5,-3.7) (-2.1,-4.6) 
str : lara miguel int : -2 6 9 float : 1.8 11.5 55.2 p : (-1.9,0.9) (3.8,1.4) 
str : ana isabella lucas int : -4 2 6 float : 4.3 14.9 p : (-0.3,-2.8) (-2.7,2.1) 
str : enzo sophia int : -5 3 8 float : 5.6 13.4 41.9 p : (-3.6,-0.9) (0.6,4.2) 
str : carolina gabriel larissa int : -3 2 7 float : 2.9 16.8 p : (2.2,-1.3) (-3.1,-2.2) 
str : luiza matheus int : -2 5 5 float : 4.8 10.9 61.8 p : (1.9,0.8) (-1.7,-2.7) 
str : ana pedro sofia int : -3 5 7 float : 2.7 15.2 p : (2.5,-3.7) (-2.1,-4.6) 
str : lara miguel int : -2 6 9 float : 1.8 11.5 55.2 p : (-1.9,0.9) (3.8,1.4) 
str : ana isabella lucas int : -4 2 6 float : 4.3 14.9 p : (-0.3,-2.8) (-2.7,2.1) 
str : enzo sophia int : -5 3 8 float : 5.6 13.4 41.9 p : (-3.6,-0.9) (0.6,4.2) 
str : carolina gabriel larissa int : -3 2 7 float : 2.9 16.8 p : (2.2,-1.3) (-3.1,-2.2) 
str : luiza matheus int : -2 5 5 float : 4.8 10.9 61.8 p : (1.9,0.8) (-1.7,-2.7) 
str : ana pedro sofia int : -3 5 7 float : 2.7 15.2 p : (2.5,-3.7) (-2.1,-4.6) 
str : lara miguel int : -2 6 9 float : 1.8 11.5 55.2 p : (-1.9,0.9) (3.8,1.4) 
str : ana isabella lucas int : -4 2 6 float : 4.3 14.9 p : (-0.3,-2.8) (-2.7,2.1) 
str : enzo sophia int : -5 3 8 float : 5.6 13.4 41.9 p : (-3.6,-0.9) (0.6,4.2) 
str : carolina gabriel larissa int : -3 2 7 float : 2.9 16.8 p : (2.2,-1.3) (-3.1,-2.2) 
str : luiza matheus int : -2 5 5 float : 4.8 10.9 61.8 p : (1.9,0.8) (-1.7,-2.7) 
